[debug] [2022-06-16T14:23:10.286Z] ----------------------------------------------------------------------
[debug] [2022-06-16T14:23:10.289Z] Command:       C:\Program Files\nodejs\node.exe C:\Program Files\nodejs\node_modules\firebase-tools\lib\bin\firebase.js emulators:start
[debug] [2022-06-16T14:23:10.289Z] CLI Version:   11.1.0
[debug] [2022-06-16T14:23:10.290Z] Platform:      win32
[debug] [2022-06-16T14:23:10.290Z] Node Version:  v16.13.1
[debug] [2022-06-16T14:23:10.297Z] Time:          Thu Jun 16 2022 09:23:10 GMT-0500 (Central Daylight Time)
[debug] [2022-06-16T14:23:10.297Z] ----------------------------------------------------------------------
[debug] 
[debug] [2022-06-16T14:23:10.396Z] > command requires scopes: ["email","openid","https://www.googleapis.com/auth/cloudplatformprojects.readonly","https://www.googleapis.com/auth/firebase","https://www.googleapis.com/auth/cloud-platform"]
[debug] [2022-06-16T14:23:10.397Z] > authorizing via signed-in user (thechiassonator@gmail.com)
[debug] [2022-06-16T14:23:10.570Z] openjdk version "18.0.1.1" 2022-04-22

[debug] [2022-06-16T14:23:10.571Z] OpenJDK Runtime Environment (build 18.0.1.1+2-6)
OpenJDK 64-Bit Server VM (build 18.0.1.1+2-6, mixed mode, sharing)

[debug] [2022-06-16T14:23:10.586Z] Parsed Java major version: 18
[info] i  emulators: Starting emulators: functions, firestore, hosting, pubsub {"metadata":{"emulator":{"name":"hub"},"message":"Starting emulators: functions, firestore, hosting, pubsub"}}
[debug] [2022-06-16T14:23:10.662Z] [hub] writing locator at C:\Users\Keenan\AppData\Local\Temp\hub-nextfire-c4d11.json
[warn] !  functions: The following emulators are not running, calls to these services from the Functions emulator will affect production: auth, database, storage {"metadata":{"emulator":{"name":"functions"},"message":"The following emulators are not running, calls to these services from the Functions emulator will affect production: \u001b[1mauth, database, storage\u001b[22m"}}
[info] +  functions: Using node@16 from host. {"metadata":{"emulator":{"name":"functions"},"message":"Using node@16 from host."}}
[debug] [2022-06-16T14:23:10.995Z] defaultcredentials: writing to file C:\Users\Keenan\AppData\Roaming\firebase\thechiassonator_gmail_com_application_default_credentials.json
[debug] [2022-06-16T14:23:10.998Z] Setting GAC to C:\Users\Keenan\AppData\Roaming\firebase\thechiassonator_gmail_com_application_default_credentials.json {"metadata":{"emulator":{"name":"functions"},"message":"Setting GAC to C:\\Users\\Keenan\\AppData\\Roaming\\firebase\\thechiassonator_gmail_com_application_default_credentials.json"}}
[debug] [2022-06-16T14:23:11.003Z] >>> [apiv2][query] GET https://firebase.googleapis.com/v1beta1/projects/nextfire-c4d11/adminSdkConfig [none]
[debug] [2022-06-16T14:23:11.253Z] <<< [apiv2][status] GET https://firebase.googleapis.com/v1beta1/projects/nextfire-c4d11/adminSdkConfig 200
[debug] [2022-06-16T14:23:11.254Z] <<< [apiv2][body] GET https://firebase.googleapis.com/v1beta1/projects/nextfire-c4d11/adminSdkConfig {"projectId":"nextfire-c4d11","storageBucket":"nextfire-c4d11.appspot.com","locationId":"us-central"}
[debug] [2022-06-16T14:23:11.282Z] Ignoring unsupported arg: projectId {"metadata":{"emulator":{"name":"firestore"},"message":"Ignoring unsupported arg: projectId"}}
[debug] [2022-06-16T14:23:11.282Z] Ignoring unsupported arg: auto_download {"metadata":{"emulator":{"name":"firestore"},"message":"Ignoring unsupported arg: auto_download"}}
[debug] [2022-06-16T14:23:11.282Z] Starting Firestore Emulator with command {"binary":"java","args":["-Dgoogle.cloud_firestore.debug_log_level=FINE","-Duser.language=en","-jar","C:\\Users\\Keenan\\.cache\\firebase\\emulators\\cloud-firestore-emulator-v1.14.3.jar","--host","localhost","--port",8080,"--rules","C:\\Users\\Keenan\\Documents\\web-projects\\fireship\\nextfire\\firestore.rules","--functions_emulator","localhost:5001"],"optionalArgs":["port","webchannel_port","host","rules","functions_emulator","seed_from_export"],"joinArgs":false} {"metadata":{"emulator":{"name":"firestore"},"message":"Starting Firestore Emulator with command {\"binary\":\"java\",\"args\":[\"-Dgoogle.cloud_firestore.debug_log_level=FINE\",\"-Duser.language=en\",\"-jar\",\"C:\\\\Users\\\\Keenan\\\\.cache\\\\firebase\\\\emulators\\\\cloud-firestore-emulator-v1.14.3.jar\",\"--host\",\"localhost\",\"--port\",8080,\"--rules\",\"C:\\\\Users\\\\Keenan\\\\Documents\\\\web-projects\\\\fireship\\\\nextfire\\\\firestore.rules\",\"--functions_emulator\",\"localhost:5001\"],\"optionalArgs\":[\"port\",\"webchannel_port\",\"host\",\"rules\",\"functions_emulator\",\"seed_from_export\"],\"joinArgs\":false}"}}
[info] i  firestore: Firestore Emulator logging to firestore-debug.log {"metadata":{"emulator":{"name":"firestore"},"message":"Firestore Emulator logging to \u001b[1mfirestore-debug.log\u001b[22m"}}
[debug] [2022-06-16T14:23:13.775Z] Jun 16, 2022 9:23:13 AM com.google.cloud.datastore.emulator.firestore.websocket.WebSocketServer start
INFO: Started WebSocket server on ws://localhost:58931
 {"metadata":{"emulator":{"name":"firestore"},"message":"Jun 16, 2022 9:23:13 AM com.google.cloud.datastore.emulator.firestore.websocket.WebSocketServer start\r\nINFO: Started WebSocket server on ws://localhost:58931\r\n"}}
[debug] [2022-06-16T14:23:13.852Z] API endpoint: http:// {"metadata":{"emulator":{"name":"firestore"},"message":"API endpoint: http://"}}
[debug] [2022-06-16T14:23:13.854Z] localhost:8080
If you are using a library that supports the FIRESTORE_EMULATOR_HOST environment variable, run:

   export FIRESTORE_EMULATOR_HOST=localhost:8080

Dev App Server is now running.

 {"metadata":{"emulator":{"name":"firestore"},"message":"localhost:8080\nIf you are using a library that supports the FIRESTORE_EMULATOR_HOST environment variable, run:\r\n\n   export FIRESTORE_EMULATOR_HOST=localhost:8080\n\nDev App Server is now running.\n\r\n"}}
[debug] [2022-06-16T14:23:13.961Z] Ignoring unsupported arg: projectId {"metadata":{"emulator":{"name":"pubsub"},"message":"Ignoring unsupported arg: projectId"}}
[debug] [2022-06-16T14:23:13.961Z] Ignoring unsupported arg: auto_download {"metadata":{"emulator":{"name":"pubsub"},"message":"Ignoring unsupported arg: auto_download"}}
[debug] [2022-06-16T14:23:13.962Z] Starting Pub/Sub Emulator with command {"binary":"C:\\Users\\Keenan\\.cache\\firebase\\emulators\\pubsub-emulator-0.1.0\\pubsub-emulator\\bin\\cloud-pubsub-emulator.bat","args":["--host=localhost","--port=8085"],"optionalArgs":["port","host"],"joinArgs":true} {"metadata":{"emulator":{"name":"pubsub"},"message":"Starting Pub/Sub Emulator with command {\"binary\":\"C:\\\\Users\\\\Keenan\\\\.cache\\\\firebase\\\\emulators\\\\pubsub-emulator-0.1.0\\\\pubsub-emulator\\\\bin\\\\cloud-pubsub-emulator.bat\",\"args\":[\"--host=localhost\",\"--port=8085\"],\"optionalArgs\":[\"port\",\"host\"],\"joinArgs\":true}"}}
[info] i  pubsub: Pub/Sub Emulator logging to pubsub-debug.log {"metadata":{"emulator":{"name":"pubsub"},"message":"Pub/Sub Emulator logging to \u001b[1mpubsub-debug.log\u001b[22m"}}
[debug] [2022-06-16T14:23:15.859Z] >>> [apiv2][query] GET https://firebasehosting.googleapis.com/v1beta1/projects/nextfire-c4d11/sites 
[debug] [2022-06-16T14:23:16.231Z] <<< [apiv2][status] GET https://firebasehosting.googleapis.com/v1beta1/projects/nextfire-c4d11/sites 200
[debug] [2022-06-16T14:23:16.232Z] <<< [apiv2][body] GET https://firebasehosting.googleapis.com/v1beta1/projects/nextfire-c4d11/sites {"sites":[{"name":"projects/nextfire-c4d11/sites/nextfire-c4d11","defaultUrl":"https://nextfire-c4d11.web.app","type":"DEFAULT_SITE"}]}
[debug] [2022-06-16T14:23:16.232Z] >>> [apiv2][query] GET https://firebase.googleapis.com/v1beta1/projects/nextfire-c4d11/webApps/-/config [none]
[debug] [2022-06-16T14:23:16.479Z] <<< [apiv2][status] GET https://firebase.googleapis.com/v1beta1/projects/nextfire-c4d11/webApps/-/config 200
[debug] [2022-06-16T14:23:16.479Z] <<< [apiv2][body] GET https://firebase.googleapis.com/v1beta1/projects/nextfire-c4d11/webApps/-/config {"projectId":"nextfire-c4d11","appId":"1:857102046174:web:c1edf763ad52726e3b034f","storageBucket":"nextfire-c4d11.appspot.com","locationId":"us-central","apiKey":"AIzaSyA8K3avroeTalf80hnNnXtCvojFpaWpzwQ","authDomain":"nextfire-c4d11.firebaseapp.com","messagingSenderId":"857102046174","measurementId":"G-1M0GLTQW8H"}
[info] i  hosting: Serving hosting files from: public {"metadata":{"emulator":{"name":"hosting"},"message":"Serving hosting files from: \u001b[1mpublic\u001b[22m"}}
[info] +  hosting: Local server: http://localhost:5000 {"metadata":{"emulator":{"name":"hosting"},"message":"Local server: \u001b[4m\u001b[1mhttp://localhost:5000\u001b[22m\u001b[24m"}}
[debug] [2022-06-16T14:23:16.554Z] Ignoring unsupported arg: auto_download {"metadata":{"emulator":{"name":"ui"},"message":"Ignoring unsupported arg: auto_download"}}
[debug] [2022-06-16T14:23:16.554Z] Ignoring unsupported arg: port {"metadata":{"emulator":{"name":"ui"},"message":"Ignoring unsupported arg: port"}}
[debug] [2022-06-16T14:23:16.555Z] Starting Emulator UI with command {"binary":"node","args":["--dns-result-order=ipv4first","C:\\Users\\Keenan\\.cache\\firebase\\emulators\\ui-v1.7.0\\server.bundle.js"],"optionalArgs":[],"joinArgs":false} {"metadata":{"emulator":{"name":"ui"},"message":"Starting Emulator UI with command {\"binary\":\"node\",\"args\":[\"--dns-result-order=ipv4first\",\"C:\\\\Users\\\\Keenan\\\\.cache\\\\firebase\\\\emulators\\\\ui-v1.7.0\\\\server.bundle.js\"],\"optionalArgs\":[],\"joinArgs\":false}"}}
[info] i  ui: Emulator UI logging to ui-debug.log {"metadata":{"emulator":{"name":"ui"},"message":"Emulator UI logging to \u001b[1mui-debug.log\u001b[22m"}}
[debug] [2022-06-16T14:23:16.795Z] Web / API server started at localhost:4000
 {"metadata":{"emulator":{"name":"ui"},"message":"Web / API server started at localhost:4000\n"}}
[info] i  functions: Watching "C:\Users\Keenan\Documents\web-projects\fireship\nextfire\functions" for Cloud Functions... {"metadata":{"emulator":{"name":"functions"},"message":"Watching \"C:\\Users\\Keenan\\Documents\\web-projects\\fireship\\nextfire\\functions\" for Cloud Functions..."}}
[debug] [2022-06-16T14:23:16.848Z] Validating nodejs source
